0 info it worked if it ends with ok
1 verbose cli [ '/usr/bin/nodejs', '/usr/bin/npm', 'install', 'cocoen' ]
2 info using npm@2.15.9
3 info using node@v4.6.1
4 verbose install initial load of /media/ediazb/Archivos/Developer/proyectos/msi/package.json
5 verbose installManyTop reading scoped package data from /media/ediazb/Archivos/Developer/proyectos/msi/node_modules/body-parser/package.json
6 verbose installManyTop reading scoped package data from /media/ediazb/Archivos/Developer/proyectos/msi/node_modules/cookie-parser/package.json
7 verbose installManyTop reading scoped package data from /media/ediazb/Archivos/Developer/proyectos/msi/node_modules/cors/package.json
8 verbose installManyTop reading scoped package data from /media/ediazb/Archivos/Developer/proyectos/msi/node_modules/debug/package.json
9 verbose installManyTop reading scoped package data from /media/ediazb/Archivos/Developer/proyectos/msi/node_modules/express/package.json
10 verbose installManyTop reading scoped package data from /media/ediazb/Archivos/Developer/proyectos/msi/node_modules/jade/package.json
11 verbose installManyTop reading scoped package data from /media/ediazb/Archivos/Developer/proyectos/msi/node_modules/mongoose/package.json
12 verbose installManyTop reading scoped package data from /media/ediazb/Archivos/Developer/proyectos/msi/node_modules/morgan/package.json
13 verbose installManyTop reading scoped package data from /media/ediazb/Archivos/Developer/proyectos/msi/node_modules/serve-favicon/package.json
14 verbose installManyTop reading scoped package data from /media/ediazb/Archivos/Developer/proyectos/msi/node_modules/stylus/package.json
15 verbose readDependencies loading dependencies from /media/ediazb/Archivos/Developer/proyectos/msi/package.json
16 silly cache add args [ 'cocoen', null ]
17 verbose cache add spec cocoen
18 silly cache add parsed spec Result {
18 silly cache add   raw: 'cocoen',
18 silly cache add   scope: null,
18 silly cache add   name: 'cocoen',
18 silly cache add   rawSpec: '',
18 silly cache add   spec: 'latest',
18 silly cache add   type: 'tag' }
19 silly addNamed cocoen@latest
20 verbose addNamed "latest" is being treated as a dist-tag for cocoen
21 info addNameTag [ 'cocoen', 'latest' ]
22 silly mapToRegistry name cocoen
23 silly mapToRegistry using default registry
24 silly mapToRegistry registry https://registry.npmjs.org/
25 silly mapToRegistry data Result {
25 silly mapToRegistry   raw: 'cocoen',
25 silly mapToRegistry   scope: null,
25 silly mapToRegistry   name: 'cocoen',
25 silly mapToRegistry   rawSpec: '',
25 silly mapToRegistry   spec: 'latest',
25 silly mapToRegistry   type: 'tag' }
26 silly mapToRegistry uri https://registry.npmjs.org/cocoen
27 verbose addNameTag registry:https://registry.npmjs.org/cocoen not in flight; fetching
28 verbose request uri https://registry.npmjs.org/cocoen
29 verbose request no auth needed
30 info attempt registry request try #1 at 02:36:34
31 verbose request id 6e5c1b5657d03af1
32 verbose etag W/"57f65304-1026"
33 verbose lastModified Thu, 06 Oct 2016 13:35:00 GMT
34 http request GET https://registry.npmjs.org/cocoen
35 http 304 https://registry.npmjs.org/cocoen
36 verbose headers { date: 'Sat, 10 Dec 2016 07:36:52 GMT',
36 verbose headers   via: '1.1 varnish',
36 verbose headers   'cache-control': 'max-age=300',
36 verbose headers   etag: 'W/"57f65304-1026"',
36 verbose headers   age: '136',
36 verbose headers   connection: 'keep-alive',
36 verbose headers   'x-served-by': 'cache-gru7124-GRU',
36 verbose headers   'x-cache': 'HIT',
36 verbose headers   'x-cache-hits': '1',
36 verbose headers   'x-timer': 'S1481355412.675955,VS0,VE0',
36 verbose headers   vary: 'Accept-Encoding' }
37 silly get cb [ 304,
37 silly get   { date: 'Sat, 10 Dec 2016 07:36:52 GMT',
37 silly get     via: '1.1 varnish',
37 silly get     'cache-control': 'max-age=300',
37 silly get     etag: 'W/"57f65304-1026"',
37 silly get     age: '136',
37 silly get     connection: 'keep-alive',
37 silly get     'x-served-by': 'cache-gru7124-GRU',
37 silly get     'x-cache': 'HIT',
37 silly get     'x-cache-hits': '1',
37 silly get     'x-timer': 'S1481355412.675955,VS0,VE0',
37 silly get     vary: 'Accept-Encoding' } ]
38 verbose etag https://registry.npmjs.org/cocoen from cache
39 verbose get saving cocoen to /home/ediazb/.npm/registry.npmjs.org/cocoen/.cache.json
40 verbose correctMkdir /home/ediazb/.npm correctMkdir not in flight; initializing
41 silly addNameTag next cb for cocoen with tag latest
42 silly addNamed cocoen@1.3.0
43 verbose addNamed "1.3.0" is a plain semver version for cocoen
44 silly cache afterAdd cocoen@1.3.0
45 verbose afterAdd /home/ediazb/.npm/cocoen/1.3.0/package/package.json not in flight; writing
46 verbose correctMkdir /home/ediazb/.npm correctMkdir not in flight; initializing
47 verbose afterAdd /home/ediazb/.npm/cocoen/1.3.0/package/package.json written
48 silly install resolved [ { name: 'cocoen',
48 silly install resolved     version: '1.3.0',
48 silly install resolved     description: 'Much like the caterpillar, your image will undergo a clear transformation with Cocoen. Making comparison really easy, it’s as straightforward way of seeing your images in a new light.',
48 silly install resolved     main: 'dist/js/cocoen.min.js',
48 silly install resolved     scripts: { test: 'echo "Error: no test specified" && exit 1' },
48 silly install resolved     repository: { type: 'git', url: 'git+https://github.com/koenoe/cocoen.git' },
48 silly install resolved     author: { name: 'Koen Romers', email: 'info@koenromers.com' },
48 silly install resolved     license: 'MIT',
48 silly install resolved     bugs: { url: 'https://github.com/koenoe/cocoen/issues' },
48 silly install resolved     homepage: 'https://github.com/koenoe/cocoen#readme',
48 silly install resolved     dependencies: { jquery: '~2.1.4', requestAnimationFrame: '~0.0.23' },
48 silly install resolved     devDependencies:
48 silly install resolved      { del: '^2.0.2',
48 silly install resolved        gulp: '^3.9.0',
48 silly install resolved        'gulp-autoprefixer': '^3.1.0',
48 silly install resolved        'gulp-gh-pages': '^0.5.4',
48 silly install resolved        'gulp-imagemin': '^2.4.0',
48 silly install resolved        'gulp-inject': '^3.0.0',
48 silly install resolved        'gulp-jshint': '^1.12.0',
48 silly install resolved        'gulp-livereload': '^3.8.1',
48 silly install resolved        'gulp-rename': '^1.2.2',
48 silly install resolved        'gulp-sass': '^2.1.0',
48 silly install resolved        'gulp-uglify': '^1.4.2',
48 silly install resolved        'gulp-watch': '^4.3.5',
48 silly install resolved        'jshint-stylish': '^2.1.0',
48 silly install resolved        'main-bower-files': '^2.9.0',
48 silly install resolved        'stream-series': '^0.1.1' },
48 silly install resolved     gitHead: 'fd7cfa4e56e5fba5a92a6571ae727a1a1de49337',
48 silly install resolved     _id: 'cocoen@1.3.0',
48 silly install resolved     _shasum: '1977ba5bb321fd275bb25aedca4606ec1a7f9e7e',
48 silly install resolved     _from: 'cocoen@latest',
48 silly install resolved     _npmVersion: '3.7.3',
48 silly install resolved     _nodeVersion: '5.9.0',
48 silly install resolved     _npmUser: { name: 'koenromers', email: 'info@koenromers.com' },
48 silly install resolved     dist:
48 silly install resolved      { shasum: '1977ba5bb321fd275bb25aedca4606ec1a7f9e7e',
48 silly install resolved        tarball: 'https://registry.npmjs.org/cocoen/-/cocoen-1.3.0.tgz' },
48 silly install resolved     maintainers: [ [Object] ],
48 silly install resolved     _npmOperationalInternal:
48 silly install resolved      { host: 'packages-16-east.internal.npmjs.com',
48 silly install resolved        tmp: 'tmp/cocoen-1.3.0.tgz_1475760897660_0.394136254908517' },
48 silly install resolved     directories: {},
48 silly install resolved     _resolved: 'https://registry.npmjs.org/cocoen/-/cocoen-1.3.0.tgz',
48 silly install resolved     readme: 'ERROR: No README data found!' } ]
49 info install cocoen@1.3.0 into /media/ediazb/Archivos/Developer/proyectos/msi
50 info installOne cocoen@1.3.0
51 verbose installOne of cocoen to /media/ediazb/Archivos/Developer/proyectos/msi not in flight; installing
52 verbose correctMkdir /home/ediazb/.npm/_locks correctMkdir not in flight; initializing
53 verbose lock using /home/ediazb/.npm/_locks/cocoen-9850887f03539776.lock for /media/ediazb/Archivos/Developer/proyectos/msi/node_modules/cocoen
54 silly install write writing cocoen 1.3.0 to /media/ediazb/Archivos/Developer/proyectos/msi/node_modules/cocoen
55 verbose unbuild node_modules/cocoen
56 silly gentlyRm /media/ediazb/Archivos/Developer/proyectos/msi/node_modules/cocoen is being purged from base /media/ediazb/Archivos/Developer/proyectos/msi
57 verbose gentlyRm don't care about contents; nuking /media/ediazb/Archivos/Developer/proyectos/msi/node_modules/cocoen
58 verbose tar unpack /home/ediazb/.npm/cocoen/1.3.0/package.tgz
59 verbose tar unpacking to /media/ediazb/Archivos/Developer/proyectos/msi/node_modules/cocoen
60 silly gentlyRm /media/ediazb/Archivos/Developer/proyectos/msi/node_modules/cocoen is being purged
61 verbose gentlyRm don't care about contents; nuking /media/ediazb/Archivos/Developer/proyectos/msi/node_modules/cocoen
62 silly gunzTarPerm modes [ '775', '664' ]
63 silly gunzTarPerm extractEntry package.json
64 silly gunzTarPerm modified mode [ 'package.json', 420, 436 ]
65 silly gunzTarPerm extractEntry .npmignore
66 silly gunzTarPerm modified mode [ '.npmignore', 420, 436 ]
67 silly gunzTarPerm extractEntry README.md
68 silly gunzTarPerm modified mode [ 'README.md', 420, 436 ]
69 silly gunzTarPerm extractEntry LICENSE
70 silly gunzTarPerm modified mode [ 'LICENSE', 420, 436 ]
71 silly gunzTarPerm extractEntry gulpfile.js
72 silly gunzTarPerm modified mode [ 'gulpfile.js', 420, 436 ]
73 silly gunzTarPerm extractEntry .jshintrc
74 silly gunzTarPerm modified mode [ '.jshintrc', 420, 436 ]
75 silly gunzTarPerm extractEntry bower.json
76 silly gunzTarPerm modified mode [ 'bower.json', 420, 436 ]
77 silly gunzTarPerm extractEntry dist/css/cocoen.min.css
78 silly gunzTarPerm modified mode [ 'dist/css/cocoen.min.css', 420, 436 ]
79 silly gunzTarPerm extractEntry dist/css/demo.min.css
80 silly gunzTarPerm modified mode [ 'dist/css/demo.min.css', 420, 436 ]
81 silly gunzTarPerm extractEntry dist/img/after.jpg
82 silly gunzTarPerm modified mode [ 'dist/img/after.jpg', 420, 436 ]
83 silly gunzTarPerm extractEntry dist/img/before.jpg
84 silly gunzTarPerm modified mode [ 'dist/img/before.jpg', 420, 436 ]
85 silly gunzTarPerm extractEntry dist/index.html
86 silly gunzTarPerm modified mode [ 'dist/index.html', 420, 436 ]
87 silly gunzTarPerm extractEntry dist/js/cocoen.min.js
88 silly gunzTarPerm modified mode [ 'dist/js/cocoen.min.js', 420, 436 ]
89 silly gunzTarPerm extractEntry dist/js/vendor/jquery.min.js
90 silly gunzTarPerm modified mode [ 'dist/js/vendor/jquery.min.js', 420, 436 ]
91 silly gunzTarPerm extractEntry dist/js/vendor/requestAnimationFrame.min.js
92 silly gunzTarPerm modified mode [ 'dist/js/vendor/requestAnimationFrame.min.js', 420, 436 ]
93 silly gunzTarPerm extractEntry .nvmrc
94 silly gunzTarPerm modified mode [ '.nvmrc', 420, 436 ]
95 silly gunzTarPerm extractEntry readme.gif
96 silly gunzTarPerm modified mode [ 'readme.gif', 420, 436 ]
97 silly gunzTarPerm extractEntry src/img/after.jpg
98 silly gunzTarPerm modified mode [ 'src/img/after.jpg', 420, 436 ]
99 silly gunzTarPerm extractEntry src/img/before.jpg
100 silly gunzTarPerm modified mode [ 'src/img/before.jpg', 420, 436 ]
101 silly gunzTarPerm extractEntry src/js/cocoen.js
102 silly gunzTarPerm modified mode [ 'src/js/cocoen.js', 420, 436 ]
103 silly gunzTarPerm extractEntry src/scss/cocoen.scss
104 silly gunzTarPerm modified mode [ 'src/scss/cocoen.scss', 420, 436 ]
105 silly gunzTarPerm extractEntry src/scss/demo.scss
106 silly gunzTarPerm modified mode [ 'src/scss/demo.scss', 420, 436 ]
107 verbose write writing to /media/ediazb/Archivos/Developer/proyectos/msi/node_modules/cocoen/package.json
108 info preinstall cocoen@1.3.0
109 verbose readDependencies loading dependencies from /media/ediazb/Archivos/Developer/proyectos/msi/node_modules/cocoen/package.json
110 silly prepareForInstallMany adding jquery@~2.1.4 from cocoen dependencies
111 silly prepareForInstallMany adding requestAnimationFrame@~0.0.23 from cocoen dependencies
112 verbose readDependencies loading dependencies from /media/ediazb/Archivos/Developer/proyectos/msi/node_modules/cocoen/package.json
113 silly cache add args [ 'jquery@~2.1.4', null ]
114 verbose cache add spec jquery@~2.1.4
115 silly cache add parsed spec Result {
115 silly cache add   raw: 'jquery@~2.1.4',
115 silly cache add   scope: null,
115 silly cache add   name: 'jquery',
115 silly cache add   rawSpec: '~2.1.4',
115 silly cache add   spec: '>=2.1.4 <2.2.0',
115 silly cache add   type: 'range' }
116 silly addNamed jquery@>=2.1.4 <2.2.0
117 verbose addNamed ">=2.1.4 <2.2.0" is a valid semver range for jquery
118 silly addNameRange { name: 'jquery', range: '>=2.1.4 <2.2.0', hasData: false }
119 silly mapToRegistry name jquery
120 silly mapToRegistry using default registry
121 silly mapToRegistry registry https://registry.npmjs.org/
122 silly mapToRegistry data Result {
122 silly mapToRegistry   raw: 'jquery',
122 silly mapToRegistry   scope: null,
122 silly mapToRegistry   name: 'jquery',
122 silly mapToRegistry   rawSpec: '',
122 silly mapToRegistry   spec: 'latest',
122 silly mapToRegistry   type: 'tag' }
123 silly mapToRegistry uri https://registry.npmjs.org/jquery
124 verbose addNameRange registry:https://registry.npmjs.org/jquery not in flight; fetching
125 silly cache add args [ 'requestAnimationFrame@~0.0.23', null ]
126 verbose cache add spec requestAnimationFrame@~0.0.23
127 silly cache add parsed spec Result {
127 silly cache add   raw: 'requestAnimationFrame@~0.0.23',
127 silly cache add   scope: null,
127 silly cache add   name: 'requestAnimationFrame',
127 silly cache add   rawSpec: '~0.0.23',
127 silly cache add   spec: '>=0.0.23 <0.1.0',
127 silly cache add   type: 'range' }
128 silly addNamed requestAnimationFrame@>=0.0.23 <0.1.0
129 verbose addNamed ">=0.0.23 <0.1.0" is a valid semver range for requestAnimationFrame
130 silly addNameRange { name: 'requestAnimationFrame',
130 silly addNameRange   range: '>=0.0.23 <0.1.0',
130 silly addNameRange   hasData: false }
131 silly mapToRegistry name requestAnimationFrame
132 silly mapToRegistry using default registry
133 silly mapToRegistry registry https://registry.npmjs.org/
134 silly mapToRegistry data Result {
134 silly mapToRegistry   raw: 'requestAnimationFrame',
134 silly mapToRegistry   scope: null,
134 silly mapToRegistry   name: 'requestAnimationFrame',
134 silly mapToRegistry   rawSpec: '',
134 silly mapToRegistry   spec: 'latest',
134 silly mapToRegistry   type: 'tag' }
135 silly mapToRegistry uri https://registry.npmjs.org/requestAnimationFrame
136 verbose addNameRange registry:https://registry.npmjs.org/requestAnimationFrame not in flight; fetching
137 verbose request uri https://registry.npmjs.org/requestAnimationFrame
138 verbose request no auth needed
139 info attempt registry request try #1 at 02:36:41
140 http request GET https://registry.npmjs.org/requestAnimationFrame
141 verbose request uri https://registry.npmjs.org/jquery
142 verbose request no auth needed
143 info attempt registry request try #1 at 02:36:41
144 verbose etag W/"58459fcc-14804"
145 verbose lastModified Mon, 05 Dec 2016 17:11:40 GMT
146 http request GET https://registry.npmjs.org/jquery
147 http 404 https://registry.npmjs.org/requestAnimationFrame
148 verbose headers { 'content-type': 'application/json',
148 verbose headers   'cache-control': 'max-age=0',
148 verbose headers   'content-length': '2',
148 verbose headers   'accept-ranges': 'bytes',
148 verbose headers   date: 'Sat, 10 Dec 2016 07:36:55 GMT',
148 verbose headers   via: '1.1 varnish',
148 verbose headers   age: '0',
148 verbose headers   connection: 'keep-alive',
148 verbose headers   'x-served-by': 'cache-gru7124-GRU',
148 verbose headers   'x-cache': 'MISS',
148 verbose headers   'x-cache-hits': '0',
148 verbose headers   'x-timer': 'S1481355415.018595,VS0,VE951',
148 verbose headers   vary: 'Accept-Encoding' }
149 silly get cb [ 404,
149 silly get   { 'content-type': 'application/json',
149 silly get     'cache-control': 'max-age=0',
149 silly get     'content-length': '2',
149 silly get     'accept-ranges': 'bytes',
149 silly get     date: 'Sat, 10 Dec 2016 07:36:55 GMT',
149 silly get     via: '1.1 varnish',
149 silly get     age: '0',
149 silly get     connection: 'keep-alive',
149 silly get     'x-served-by': 'cache-gru7124-GRU',
149 silly get     'x-cache': 'MISS',
149 silly get     'x-cache-hits': '0',
149 silly get     'x-timer': 'S1481355415.018595,VS0,VE951',
149 silly get     vary: 'Accept-Encoding' } ]
150 http 304 https://registry.npmjs.org/jquery
151 verbose headers { date: 'Sat, 10 Dec 2016 07:36:57 GMT',
151 verbose headers   via: '1.1 varnish',
151 verbose headers   'cache-control': 'max-age=300',
151 verbose headers   etag: 'W/"58459fcc-14804"',
151 verbose headers   age: '114',
151 verbose headers   connection: 'keep-alive',
151 verbose headers   'x-served-by': 'cache-gru7127-GRU',
151 verbose headers   'x-cache': 'HIT',
151 verbose headers   'x-cache-hits': '1',
151 verbose headers   'x-timer': 'S1481355417.065448,VS0,VE0',
151 verbose headers   vary: 'Accept-Encoding' }
152 silly get cb [ 304,
152 silly get   { date: 'Sat, 10 Dec 2016 07:36:57 GMT',
152 silly get     via: '1.1 varnish',
152 silly get     'cache-control': 'max-age=300',
152 silly get     etag: 'W/"58459fcc-14804"',
152 silly get     age: '114',
152 silly get     connection: 'keep-alive',
152 silly get     'x-served-by': 'cache-gru7127-GRU',
152 silly get     'x-cache': 'HIT',
152 silly get     'x-cache-hits': '1',
152 silly get     'x-timer': 'S1481355417.065448,VS0,VE0',
152 silly get     vary: 'Accept-Encoding' } ]
153 verbose etag https://registry.npmjs.org/jquery from cache
154 verbose get saving jquery to /home/ediazb/.npm/registry.npmjs.org/jquery/.cache.json
155 verbose correctMkdir /home/ediazb/.npm correctMkdir not in flight; initializing
156 silly addNameRange number 2 { name: 'jquery', range: '>=2.1.4 <2.2.0', hasData: true }
157 silly addNameRange versions [ 'jquery',
157 silly addNameRange   [ '1.5.1',
157 silly addNameRange     '1.6.2',
157 silly addNameRange     '1.6.3',
157 silly addNameRange     '1.7.2',
157 silly addNameRange     '1.7.3',
157 silly addNameRange     '1.8.2',
157 silly addNameRange     '1.8.3',
157 silly addNameRange     '2.1.0-beta2',
157 silly addNameRange     '2.1.0-beta3',
157 silly addNameRange     '1.11.0-beta3',
157 silly addNameRange     '1.11.0-rc1',
157 silly addNameRange     '2.1.0-rc1',
157 silly addNameRange     '1.11.0',
157 silly addNameRange     '2.1.0',
157 silly addNameRange     '2.1.1-beta1',
157 silly addNameRange     '1.11.1-beta1',
157 silly addNameRange     '2.1.1-rc1',
157 silly addNameRange     '1.11.1-rc1',
157 silly addNameRange     '2.1.1-rc2',
157 silly addNameRange     '1.11.1-rc2',
157 silly addNameRange     '2.1.1',
157 silly addNameRange     '1.11.1',
157 silly addNameRange     '1.9.1',
157 silly addNameRange     '2.1.2',
157 silly addNameRange     '1.11.2',
157 silly addNameRange     '2.1.3',
157 silly addNameRange     '2.1.4',
157 silly addNameRange     '1.11.3',
157 silly addNameRange     '3.0.0-alpha1',
157 silly addNameRange     '1.12.0',
157 silly addNameRange     '2.2.0',
157 silly addNameRange     '3.0.0-beta1',
157 silly addNameRange     '1.12.1',
157 silly addNameRange     '2.2.1',
157 silly addNameRange     '1.12.2',
157 silly addNameRange     '2.2.2',
157 silly addNameRange     '1.12.3',
157 silly addNameRange     '2.2.3',
157 silly addNameRange     '1.12.4',
157 silly addNameRange     '2.2.4',
157 silly addNameRange     '3.0.0-rc1',
157 silly addNameRange     '3.0.0',
157 silly addNameRange     '3.1.0',
157 silly addNameRange     '3.1.1' ] ]
158 silly addNamed jquery@2.1.4
159 verbose addNamed "2.1.4" is a plain semver version for jquery
160 silly cache afterAdd jquery@2.1.4
161 verbose afterAdd /home/ediazb/.npm/jquery/2.1.4/package/package.json not in flight; writing
162 verbose correctMkdir /home/ediazb/.npm correctMkdir not in flight; initializing
163 verbose afterAdd /home/ediazb/.npm/jquery/2.1.4/package/package.json written
164 verbose about to build /media/ediazb/Archivos/Developer/proyectos/msi/node_modules/cocoen
165 verbose unlock done using /home/ediazb/.npm/_locks/cocoen-9850887f03539776.lock for /media/ediazb/Archivos/Developer/proyectos/msi/node_modules/cocoen
166 verbose stack Error: Registry returned 404 for GET on https://registry.npmjs.org/requestAnimationFrame
166 verbose stack     at makeError (/usr/lib/node_modules/npm/node_modules/npm-registry-client/lib/request.js:264:12)
166 verbose stack     at CachingRegistryClient.<anonymous> (/usr/lib/node_modules/npm/node_modules/npm-registry-client/lib/request.js:242:14)
166 verbose stack     at Request._callback (/usr/lib/node_modules/npm/node_modules/npm-registry-client/lib/request.js:172:14)
166 verbose stack     at Request.self.callback (/usr/lib/node_modules/npm/node_modules/request/request.js:200:22)
166 verbose stack     at emitTwo (events.js:87:13)
166 verbose stack     at Request.emit (events.js:172:7)
166 verbose stack     at Request.<anonymous> (/usr/lib/node_modules/npm/node_modules/request/request.js:1067:10)
166 verbose stack     at emitOne (events.js:82:20)
166 verbose stack     at Request.emit (events.js:169:7)
166 verbose stack     at IncomingMessage.<anonymous> (/usr/lib/node_modules/npm/node_modules/request/request.js:988:12)
167 verbose statusCode 404
168 verbose pkgid requestAnimationFrame
169 verbose cwd /media/ediazb/Archivos/Developer/proyectos/msi
170 error Linux 4.4.0-53-generic
171 error argv "/usr/bin/nodejs" "/usr/bin/npm" "install" "cocoen"
172 error node v4.6.1
173 error npm  v2.15.9
174 error code E404
175 error 404 Registry returned 404 for GET on https://registry.npmjs.org/requestAnimationFrame
175 error 404
175 error 404 'requestAnimationFrame' is not in the npm registry.
175 error 404 Your package name is not valid, because
175 error 404
175 error 404  1. name can no longer contain capital letters
175 error 404 It was specified as a dependency of 'cocoen'
175 error 404
175 error 404 Note that you can also install from a
175 error 404 tarball, folder, http url, or git url.
176 verbose exit [ 1, true ]
177 verbose unbuild node_modules/cocoen
178 info preuninstall cocoen@1.3.0
179 info uninstall cocoen@1.3.0
180 verbose unbuild rmStuff cocoen@1.3.0 from /media/ediazb/Archivos/Developer/proyectos/msi/node_modules
181 info postuninstall cocoen@1.3.0
182 silly gentlyRm /media/ediazb/Archivos/Developer/proyectos/msi/node_modules/cocoen is being purged from base /media/ediazb/Archivos/Developer/proyectos/msi
183 verbose gentlyRm don't care about contents; nuking /media/ediazb/Archivos/Developer/proyectos/msi/node_modules/cocoen
184 silly vacuum-fs purging /media/ediazb/Archivos/Developer/proyectos/msi/node_modules/cocoen
185 silly vacuum-fs quitting because other entries in /media/ediazb/Archivos/Developer/proyectos/msi/node_modules
